============================================================
   Tang Dynasty, V5.6.71036
      Copyright (c) 2012-2023 Anlogic Inc.
   Executable = C:/Anlogic/TD5.6.2/bin/td.exe
   Built at =   20:34:38 Mar 21 2023
   Run by =     greety
   Run Date =   Thu Aug 29 10:29:48 2024

   Run on =     LAPTOP-29SJJA84
============================================================
RUN-1002 : start command "open_project responder.prj"
RUN-1001 : Print Global Property
RUN-1001 : ---------------------------------------------------------------
RUN-1001 :        Parameters        |  Settings  |  Default Values  |  Note  
RUN-1001 : ---------------------------------------------------------------
RUN-1001 :          message         |  standard  |     standard     |        
RUN-1001 :   mixed_pack_place_flow  |     on     |        on        |        
RUN-1001 :        qor_monitor       |    off     |       off        |        
RUN-1001 :        syn_ip_flow       |    off     |       off        |        
RUN-1001 :          thread          |    auto    |       auto       |        
RUN-1001 : ---------------------------------------------------------------
RUN-1001 : Print Design Property
RUN-1001 : --------------------------------------------------------------
RUN-1001 :        Parameters       |  Settings  |  Default Values  |  Note  
RUN-1001 : --------------------------------------------------------------
RUN-1001 :   default_reg_initial   |    auto    |       auto       |        
RUN-1001 :        infer_add        |     on     |        on        |        
RUN-1001 :        infer_fsm        |    off     |       off        |        
RUN-1001 :        infer_mult       |     on     |        on        |        
RUN-1001 :        infer_ram        |     on     |        on        |        
RUN-1001 :        infer_reg        |     on     |        on        |        
RUN-1001 :   infer_reg_init_value  |     on     |        on        |        
RUN-1001 :        infer_rom        |     on     |        on        |        
RUN-1001 :      infer_shifter      |     on     |        on        |        
RUN-1001 : --------------------------------------------------------------
RUN-1001 : Print Rtl Property
RUN-1001 : --------------------------------------------------------------
RUN-1001 :        Parameters       |  Settings  |  Default Values  |  Note  
RUN-1001 : --------------------------------------------------------------
RUN-1001 :       compress_add      |   ripple   |      ripple      |        
RUN-1001 :        elf_sload        |    off     |       off        |        
RUN-1001 :       fix_undriven      |     0      |        0         |        
RUN-1001 :         flatten         |    off     |       off        |        
RUN-1001 :       gate_sharing      |     on     |        on        |        
RUN-1001 :    hdl_warning_level    |   normal   |      normal      |        
RUN-1001 :   impl_internal_tribuf  |     on     |        on        |        
RUN-1001 :      impl_set_reset     |     on     |        on        |        
RUN-1001 :        infer_gsr        |    off     |       off        |        
RUN-1001 :      keep_hierarchy     |    auto    |       auto       |        
RUN-1001 :        max_fanout       |    9999    |       9999       |        
RUN-1001 :      max_oh2bin_len     |     10     |        10        |        
RUN-1001 :       merge_equal       |     on     |        on        |        
RUN-1001 :       merge_equiv       |     on     |        on        |        
RUN-1001 :        merge_mux        |    off     |       off        |        
RUN-1001 :     min_control_set     |     8      |        8         |        
RUN-1001 :      min_ripple_len     |    auto    |       auto       |        
RUN-1001 :       oh2bin_ratio      |    0.08    |       0.08       |        
RUN-1001 :     opt_adder_fanout    |     on     |        on        |        
RUN-1001 :        opt_arith        |     on     |        on        |        
RUN-1001 :       opt_big_gate      |    off     |       off        |        
RUN-1001 :        opt_const        |     on     |        on        |        
RUN-1001 :      opt_const_mult     |     on     |        on        |        
RUN-1001 :       opt_lessthan      |     on     |        on        |        
RUN-1001 :         opt_mux         |    off     |       off        |        
RUN-1001 :         opt_ram         |    high    |       high       |        
RUN-1001 :      rtl_sim_model      |    off     |       off        |        
RUN-1001 :         seq_syn         |     on     |        on        |        
RUN-1001 : --------------------------------------------------------------
HDL-1007 : analyze verilog file ../../Buzzer_module.v
HDL-1007 : analyze verilog file ../../Digitron_NumDisplay_module.v
HDL-1007 : analyze verilog file ../../Sel_module.v
HDL-1007 : analyze verilog file ../../Timer_module.v
HDL-1007 : analyze verilog file ../../responder.v
RUN-1001 : Project manager successfully analyzed 5 source files.
RUN-1002 : start command "import_device eagle_s20.db -package EG4S20BG256"
ARC-1001 : Device Initialization.
ARC-1001 : ------------------------------------------------------------------
ARC-1001 :            OPTION            |          IO          |   SETTING   
ARC-1001 : ------------------------------------------------------------------
ARC-1001 :   cso_b/cclk/mosi/miso/dout  |  T3/R11/T10/P10/S11  |    gpio    
ARC-1001 :             done             |         P13          |    gpio    
ARC-1001 :           program_b          |          T2          |  dedicate  
ARC-1001 :        tdi/tms/tck/tdo       |   C12/A15/C14/E14    |  dedicate  
ARC-1001 : ------------------------------------------------------------------
ARC-1004 : Device setting, marked 5 dedicate IOs in total.
RUN-1002 : start command "import_db ../syn_1/responder_gate.db"
RUN-1001 : Importing database generated by Tang Dynasty, V5.6.71036.
RUN-1001 : Database version number 46146.
RUN-1001 : Import flow parameters
RUN-1001 : Import IO constraints
RUN-1001 : Import Inst constraints
RUN-1001 : Import design success TD_VERSION=5.6.71036 , DB_VERSION=46146
RUN-1002 : start command "place"
RUN-1001 : Open license file C:/Anlogic/TD5.6.2/license/Anlogic.lic
RUN-1001 : Print Global Property
RUN-1001 : ---------------------------------------------------------------
RUN-1001 :        Parameters        |  Settings  |  Default Values  |  Note  
RUN-1001 : ---------------------------------------------------------------
RUN-1001 :          message         |  standard  |     standard     |        
RUN-1001 :   mixed_pack_place_flow  |     on     |        on        |        
RUN-1001 :        qor_monitor       |    off     |       off        |        
RUN-1001 :        syn_ip_flow       |    off     |       off        |        
RUN-1001 :          thread          |    auto    |       auto       |        
RUN-1001 : ---------------------------------------------------------------
RUN-1001 : Print Place Property
RUN-1001 : --------------------------------------------------------------
RUN-1001 :        Parameters       |  Settings  |  Default Values  |  Note  
RUN-1001 : --------------------------------------------------------------
RUN-1001 :      detailed_place     |     on     |        on        |        
RUN-1001 :          effort         |   medium   |      medium      |        
RUN-1001 :         fix_hold        |    off     |       off        |        
RUN-1001 :       legalization      |    ori     |       ori        |        
RUN-1001 :      new_spreading      |     on     |        on        |        
RUN-1001 :        opt_timing       |   medium   |      medium      |        
RUN-1001 :   post_clock_route_opt  |    off     |       off        |        
RUN-1001 :       pr_strategy       |     1      |        1         |        
RUN-1001 :        relaxation       |    1.00    |       1.00       |        
RUN-1001 :         retiming        |    off     |       off        |        
RUN-1001 : --------------------------------------------------------------
PHY-3001 : Placer runs in 16 thread(s).
RUN-1002 : start command "legalize_phy_inst"
SYN-1011 : Flatten model responder
RUN-1002 : start command "phys_opt -simplify_lut"
SYN-4024 : Net "CLK_dup_1" drives clk pins.
SYN-4024 : Net "U2/CLK1" drives clk pins.
SYN-4025 : Tag rtl::Net CLK_dup_1 as clock net
SYN-4025 : Tag rtl::Net U2/CLK1 as clock net
SYN-4026 : Tagged 2 rtl::Net as clock net
SYN-4015 : Create BUFG instance for clk Net U2/CLK1 to drive 9 clock pins.
PHY-1001 : Populate physical database on model responder.
RUN-1001 : There are total 338 instances
RUN-0007 : 140 luts, 118 seqs, 29 mslices, 21 lslices, 26 pads, 0 brams, 0 dsps
RUN-1001 : There are total 468 nets
RUN-1001 : 246 nets have 2 pins
RUN-1001 : 180 nets have [3 - 5] pins
RUN-1001 : 28 nets have [6 - 10] pins
RUN-1001 : 7 nets have [11 - 20] pins
RUN-1001 : 4 nets have [21 - 99] pins
RUN-1001 : 3 nets have 100+ pins
RUN-1001 : Report Control nets information:
RUN-1001 : DFF Distribution
RUN-1001 : ----------------------------------
RUN-1001 :   CE   |  SSR  |  ASR  |  DFF Count  
RUN-1001 : ----------------------------------
RUN-1001 :   No   |  No   |  No   |     11      
RUN-1001 :   No   |  No   |  Yes  |     20      
RUN-1001 :   No   |  Yes  |  No   |      0      
RUN-1001 :   Yes  |  No   |  No   |      0      
RUN-1001 :   Yes  |  No   |  Yes  |     87      
RUN-1001 :   Yes  |  Yes  |  No   |      0      
RUN-1001 : ----------------------------------
RUN-0007 : Control Group Statistic
RUN-0007 : ---------------------------
RUN-0007 :   #CLK  |  #CE  |  #SSR/ASR  
RUN-0007 : ---------------------------
RUN-0007 :    3    |   5   |     2      
RUN-0007 : ---------------------------
RUN-0007 : Control Set = 8
PHY-3001 : Initial placement ...
PHY-3001 : design contains 336 instances, 140 luts, 118 seqs, 50 slices, 6 macros(50 instances: 29 mslices 21 lslices)
PHY-0007 : Cell area utilization is 1%
PHY-3001 : Global placement ...
PHY-3001 : Initial: Len = 114220
PHY-3001 : Clustering ...
PHY-3001 : Level 0 #clusters 336.
PHY-3001 : End clustering;  0.000013s wall, 0.000000s user + 0.000000s system = 0.000000s CPU (n/a%)

PHY-3001 : Run with size of 4
PHY-3001 : Cell area utilization is 1%
PHY-3001 : :::0::: Try harder cell spreading with beta_ = 0
PHY-3002 : Step(1): len = 66247, overlap = 0
PHY-3002 : Step(2): len = 42572.5, overlap = 0
PHY-3002 : Step(3): len = 32254.3, overlap = 0
PHY-3002 : Step(4): len = 25838.9, overlap = 0
PHY-3002 : Step(5): len = 21716.3, overlap = 0
PHY-3002 : Step(6): len = 20245.3, overlap = 0
PHY-3002 : Step(7): len = 18882.3, overlap = 0
PHY-3002 : Step(8): len = 17290.7, overlap = 0
PHY-3002 : Step(9): len = 16429.9, overlap = 0
PHY-3002 : Step(10): len = 15835.8, overlap = 0
PHY-3002 : Step(11): len = 14692.1, overlap = 0
PHY-3002 : Step(12): len = 14923.2, overlap = 0
PHY-3002 : Step(13): len = 13393.9, overlap = 0
PHY-3002 : Step(14): len = 12972.7, overlap = 0
PHY-3002 : Step(15): len = 13318.5, overlap = 0
PHY-3002 : Step(16): len = 13379.3, overlap = 0
PHY-3002 : Step(17): len = 12280.9, overlap = 0
PHY-3002 : Step(18): len = 12435.1, overlap = 0
PHY-3002 : Step(19): len = 11922.7, overlap = 0
PHY-3002 : Step(20): len = 10707.2, overlap = 0
PHY-3002 : Step(21): len = 10356.6, overlap = 0
PHY-3002 : Step(22): len = 9901.6, overlap = 0
PHY-3002 : Step(23): len = 8394.4, overlap = 0
PHY-3002 : Step(24): len = 7868.1, overlap = 0
PHY-3002 : Step(25): len = 7546.9, overlap = 0
PHY-3002 : Step(26): len = 7353.2, overlap = 0
PHY-3002 : Step(27): len = 6876.1, overlap = 0
PHY-3002 : Step(28): len = 6958.7, overlap = 0
PHY-3002 : Step(29): len = 6976.8, overlap = 0
PHY-3001 : Legalization ...
PHY-3001 : End legalization;  0.002740s wall, 0.000000s user + 0.000000s system = 0.000000s CPU (n/a%)

PHY-3001 : Run with size of 4
PHY-3001 : Cell area utilization is 1%
PHY-3001 : :::0::: Try harder cell spreading with beta_ = 0
PHY-3002 : Step(30): len = 6492.6, overlap = 0
PHY-3002 : Step(31): len = 6521.1, overlap = 0
PHY-3002 : Step(32): len = 6563.6, overlap = 0
PHY-3002 : Step(33): len = 6547.1, overlap = 0
PHY-3002 : Step(34): len = 6584.4, overlap = 0
PHY-3002 : Step(35): len = 6682.1, overlap = 0
PHY-3002 : Step(36): len = 6740.5, overlap = 0
PHY-3002 : Step(37): len = 6724.7, overlap = 0
PHY-3002 : Step(38): len = 6596.2, overlap = 0
PHY-3002 : Step(39): len = 6698.5, overlap = 0
PHY-3002 : Step(40): len = 6751.6, overlap = 0
PHY-3002 : Step(41): len = 6712.5, overlap = 0
PHY-3002 : Step(42): len = 6702.5, overlap = 0
PHY-3002 : Step(43): len = 6453.8, overlap = 0
PHY-3002 : Step(44): len = 6586.9, overlap = 0
PHY-3002 : Step(45): len = 6560.6, overlap = 0
PHY-3002 : Step(46): len = 6659.4, overlap = 0
PHY-3002 : Step(47): len = 6922.1, overlap = 0
PHY-3002 : Step(48): len = 7249.7, overlap = 0
PHY-3002 : Step(49): len = 6668, overlap = 0
PHY-3002 : Step(50): len = 6664.5, overlap = 0
PHY-3002 : Step(51): len = 6417.5, overlap = 0
PHY-3002 : Step(52): len = 6352.7, overlap = 0
PHY-3002 : Step(53): len = 5729.2, overlap = 0
PHY-3002 : Step(54): len = 5819.4, overlap = 0
PHY-3002 : Step(55): len = 5820.7, overlap = 0
PHY-3002 : Step(56): len = 5763.6, overlap = 0
PHY-3002 : Step(57): len = 5790, overlap = 0
PHY-3002 : Step(58): len = 5577.1, overlap = 0
PHY-3002 : Step(59): len = 5612.7, overlap = 0
PHY-3002 : Step(60): len = 5330.2, overlap = 0
PHY-3002 : Step(61): len = 5405.2, overlap = 0
PHY-3002 : Step(62): len = 5393.1, overlap = 0
PHY-3002 : Step(63): len = 5423.3, overlap = 0
PHY-3002 : Step(64): len = 5276, overlap = 0
PHY-3002 : Step(65): len = 5240.1, overlap = 0
PHY-3002 : Step(66): len = 5304.6, overlap = 0
PHY-3002 : Step(67): len = 5096.8, overlap = 0
PHY-3002 : Step(68): len = 5039.5, overlap = 0
PHY-3002 : Step(69): len = 5106.3, overlap = 0
PHY-3002 : Step(70): len = 5085.2, overlap = 0
PHY-3002 : Step(71): len = 5010.3, overlap = 0
PHY-3002 : Step(72): len = 4829.9, overlap = 0
PHY-3002 : Step(73): len = 4923.7, overlap = 0
PHY-3002 : Step(74): len = 4806.9, overlap = 0
PHY-3001 : Run with size of 2
PHY-3001 : Cell area utilization is 1%
PHY-3001 : :::0::: Try harder cell spreading with beta_ = 0.000668543
PHY-3002 : Step(75): len = 4702.2, overlap = 8
PHY-3002 : Step(76): len = 4685.9, overlap = 7.84375
PHY-3002 : Step(77): len = 4651.1, overlap = 7.625
PHY-3001 : :::1::: Try harder cell spreading with beta_ = 0.00133709
PHY-3002 : Step(78): len = 4404.2, overlap = 7.6875
PHY-3002 : Step(79): len = 4414.6, overlap = 7.875
PHY-3001 : :::2::: Try harder cell spreading with beta_ = 0.00267417
PHY-3002 : Step(80): len = 4337.6, overlap = 7.96875
PHY-3002 : Step(81): len = 4327.1, overlap = 8.28125
OPT-1001 : Start physical optimization ...
OPT-1001 : Total overflow 20.81 peak overflow 3.44
OPT-1001 : Start high-fanout net optimization ...
OPT-1001 : Update timing in global mode
PHY-1001 : Start incremental global routing, caller is place ...
RUN-1001 : Generating global routing grids ...
RUN-1001 : Building simple global routing graph ...
PHY-1001 : Generate routing nets ...
PHY-1001 : Reuse net number 0/468.
PHY-1001 : Global iterations in 16 thread ...
PHY-1002 : len = 4456, over cnt = 23(0%), over = 76, worst = 10
PHY-1001 : End global iterations;  0.048159s wall, 0.000000s user + 0.000000s system = 0.000000s CPU (n/a%)

PHY-1001 : Congestion index: top1 = 12.79, top5 = 3.57, top10 = 1.78, top15 = 1.19.
PHY-1001 : End incremental global routing;  0.093294s wall, 0.000000s user + 0.000000s system = 0.000000s CPU (n/a%)

RUN-1002 : start command "start_timer -report"
TMR-5001 WARNING: No sdc constraints found while initiating timer.
TMR-2505 : Start building timing graph for model responder.
TMR-2506 : Build timing graph completely. Port num: 10, tpin num: 1748, tnet num: 466, tinst num: 336, tnode num: 2344, tedge num: 2937.
TMR-2508 : Levelizing timing graph completed, there are 25 levels in total.
TMR-2501 : Timing graph initialized successfully.
OPT-1001 : End timing update;  0.132326s wall, 0.109375s user + 0.000000s system = 0.109375s CPU (82.7%)

OPT-1001 : 0 high-fanout net processed.
OPT-1001 : End high-fanout net optimization;  0.229330s wall, 0.109375s user + 0.000000s system = 0.109375s CPU (47.7%)

OPT-1001 : Current memory(MB): used = 141, reserve = 112, peak = 141.
OPT-1001 : End physical optimization;  0.245214s wall, 0.109375s user + 0.000000s system = 0.109375s CPU (44.6%)

PHY-3001 : Start packing ...
SYN-4007 : Packing 0 MUX to BLE ...
SYN-4008 : Packed 0 MUX and 0 SEQ to BLE.
SYN-4007 : Packing 140 LUT to BLE ...
SYN-4008 : Packed 140 LUT and 69 SEQ to BLE.
SYN-4003 : Packing 49 remaining SEQ's ...
SYN-4005 : Packed 28 SEQ with LUT/SLICE
SYN-4006 : 49 single LUT's are left
SYN-4006 : 21 single SEQ's are left
SYN-4011 : Packing model "responder" (AL_USER_NORMAL) with 161/241 primitive instances ...
PHY-3001 : End packing;  0.007763s wall, 0.000000s user + 0.000000s system = 0.000000s CPU (n/a%)

PHY-1001 : Populate physical database on model responder.
RUN-1001 : There are total 170 instances
RUN-1001 : 70 mslices, 70 lslices, 26 pads, 0 brams, 0 dsps
RUN-1001 : There are total 411 nets
RUN-1001 : 199 nets have 2 pins
RUN-1001 : 169 nets have [3 - 5] pins
RUN-1001 : 28 nets have [6 - 10] pins
RUN-1001 : 11 nets have [11 - 20] pins
RUN-1001 : 2 nets have [21 - 99] pins
RUN-1001 : 2 nets have 100+ pins
PHY-3001 : design contains 168 instances, 140 slices, 6 macros(50 instances: 29 mslices 21 lslices)
PHY-3001 : Cell area utilization is 1%
PHY-3001 : After packing: Len = 4633.4, Over = 12.25
PHY-3001 : Run with size of 2
PHY-3001 : Cell area utilization is 1%
PHY-3001 : :::0::: Try harder cell spreading with beta_ = 1.40699e-05
PHY-3002 : Step(82): len = 4685, overlap = 11.75
PHY-3002 : Step(83): len = 4685, overlap = 11.75
PHY-3002 : Step(84): len = 4598.7, overlap = 11.5
PHY-3001 : :::1::: Try harder cell spreading with beta_ = 2.81398e-05
PHY-3002 : Step(85): len = 4829.7, overlap = 10.75
PHY-3002 : Step(86): len = 4892.4, overlap = 10.75
PHY-3002 : Step(87): len = 4956.4, overlap = 10
PHY-3001 : :::2::: Try harder cell spreading with beta_ = 5.62796e-05
PHY-3002 : Step(88): len = 4854.3, overlap = 9.25
PHY-3002 : Step(89): len = 4904.4, overlap = 8.75
PHY-3002 : Step(90): len = 4944.2, overlap = 9.25
PHY-3001 : Legalization ...
PHY-3001 : End legalization;  0.332613s wall, 0.000000s user + 0.015625s system = 0.015625s CPU (4.7%)

PHY-3001 : Trial Legalized: Len = 9543.8
PHY-3001 : Run with size of 2
PHY-3001 : Cell area utilization is 1%
PHY-3001 : :::0::: Try harder cell spreading with beta_ = 0.00111164
PHY-3002 : Step(91): len = 7502.9, overlap = 1.75
PHY-3002 : Step(92): len = 6203.9, overlap = 1.75
PHY-3002 : Step(93): len = 5603.9, overlap = 2.25
PHY-3002 : Step(94): len = 5548.7, overlap = 2.5
PHY-3002 : Step(95): len = 5417.3, overlap = 3
PHY-3002 : Step(96): len = 5406.4, overlap = 3.5
PHY-3002 : Step(97): len = 5363.4, overlap = 4
PHY-3001 : :::1::: Try harder cell spreading with beta_ = 0.00222329
PHY-3002 : Step(98): len = 5330.6, overlap = 4
PHY-3002 : Step(99): len = 5330.6, overlap = 4
PHY-3001 : :::2::: Try harder cell spreading with beta_ = 0.00444658
PHY-3002 : Step(100): len = 5326, overlap = 4
PHY-3002 : Step(101): len = 5326, overlap = 4
PHY-3001 : Legalization ...
PHY-3001 : End legalization;  0.003577s wall, 0.000000s user + 0.000000s system = 0.000000s CPU (n/a%)

PHY-3001 : Legalized: Len = 7061.2, Over = 0
PHY-3001 : Spreading special nets. 2 overflows in 2952 tiles.
PHY-3001 : End spreading;  0.002461s wall, 0.000000s user + 0.000000s system = 0.000000s CPU (n/a%)

PHY-3001 : 3 instances has been re-located, deltaX = 0, deltaY = 2, maxDist = 1.
PHY-3001 : Final: Len = 7135.2, Over = 0
OPT-1001 : Start physical optimization ...
OPT-1001 : Total overflow 0.00 peak overflow 0.00
OPT-1001 : Start high-fanout net optimization ...
OPT-1001 : Update timing in global mode
PHY-1001 : Start incremental global routing, caller is place ...
RUN-1001 : Generating global routing grids ...
PHY-1001 : Generate routing nets ...
PHY-1001 : Reuse net number 21/411.
PHY-1001 : Global iterations in 16 thread ...
PHY-1002 : len = 7952, over cnt = 33(0%), over = 54, worst = 5
PHY-1002 : len = 8352, over cnt = 11(0%), over = 12, worst = 2
PHY-1002 : len = 8480, over cnt = 0(0%), over = 0, worst = 0
PHY-1001 : End global iterations;  0.113675s wall, 0.000000s user + 0.000000s system = 0.000000s CPU (n/a%)

PHY-1001 : Congestion index: top1 = 17.65, top5 = 6.53, top10 = 3.26, top15 = 2.17.
PHY-1001 : End incremental global routing;  0.159036s wall, 0.031250s user + 0.000000s system = 0.031250s CPU (19.6%)

RUN-1002 : start command "start_timer -report"
TMR-5001 WARNING: No sdc constraints found while initiating timer.
TMR-2505 : Start building timing graph for model responder.
TMR-2506 : Build timing graph completely. Port num: 10, tpin num: 1528, tnet num: 409, tinst num: 168, tnode num: 1994, tedge num: 2707.
TMR-2508 : Levelizing timing graph completed, there are 25 levels in total.
TMR-2501 : Timing graph initialized successfully.
OPT-1001 : End timing update;  0.109770s wall, 0.062500s user + 0.000000s system = 0.062500s CPU (56.9%)

OPT-1001 : 0 high-fanout net processed.
OPT-1001 : End high-fanout net optimization;  0.272725s wall, 0.109375s user + 0.000000s system = 0.109375s CPU (40.1%)

OPT-1001 : Current memory(MB): used = 142, reserve = 113, peak = 142.
OPT-1001 : Update timing in Manhattan mode
OPT-1001 : End timing update;  0.000231s wall, 0.000000s user + 0.000000s system = 0.000000s CPU (n/a%)

OPT-1001 : Start pin optimization...
OPT-1001 : skip pin optimization...
RUN-1001 : Generating global routing grids ...
PHY-1001 : Generate routing nets ...
PHY-1001 : Reuse net number 306/411.
PHY-1001 : Global iterations in 16 thread ...
PHY-1002 : len = 8480, over cnt = 0(0%), over = 0, worst = 0
PHY-1001 : End global iterations;  0.000980s wall, 0.000000s user + 0.000000s system = 0.000000s CPU (n/a%)

PHY-1001 : Congestion index: top1 = 17.65, top5 = 6.53, top10 = 3.26, top15 = 2.17.
OPT-1001 : Update timing in Manhattan mode
OPT-1001 : End timing update;  0.000878s wall, 0.000000s user + 0.000000s system = 0.000000s CPU (n/a%)

RUN-1001 : QoR Analysis:
OPT-0007 :   WNS 2147483647 TNS 0 NUM_FEPS 0
RUN-1001 :   No local congestion issue, and most congested 1% tile average routing util is 17.275862
RUN-1001 :   Top critical paths
OPT-1001 : End physical optimization;  0.333854s wall, 0.125000s user + 0.000000s system = 0.125000s CPU (37.4%)

RUN-1003 : finish command "place" in  14.777951s wall, 0.437500s user + 0.500000s system = 0.937500s CPU (6.3%)

RUN-1004 : used memory is 127 MB, reserved memory is 98 MB, peak memory is 143 MB
RUN-1002 : start command "export_db responder_place.db"
RUN-1001 : Exported /
RUN-1001 : Exported flow parameters
RUN-1001 : Exported libs
RUN-1001 : Exported entities
RUN-1001 : Exported ports
RUN-1001 : Exported pins
RUN-1001 : Exported instances
RUN-1001 : Exported nets
RUN-1001 : Exported buses
RUN-1001 : Exported models
RUN-1001 : Exported congestions
RUN-1001 : Exported violations
RUN-1001 : Exported IO constraints
RUN-1001 : Exported Inst constraints
RUN-1002 : start command "route"
RUN-1001 : Open license file C:/Anlogic/TD5.6.2/license/Anlogic.lic
RUN-1001 : Print Global Property
RUN-1001 : ---------------------------------------------------------------
RUN-1001 :        Parameters        |  Settings  |  Default Values  |  Note  
RUN-1001 : ---------------------------------------------------------------
RUN-1001 :          message         |  standard  |     standard     |        
RUN-1001 :   mixed_pack_place_flow  |     on     |        on        |        
RUN-1001 :        qor_monitor       |    off     |       off        |        
RUN-1001 :        syn_ip_flow       |    off     |       off        |        
RUN-1001 :          thread          |    auto    |       auto       |        
RUN-1001 : ---------------------------------------------------------------
RUN-1001 : Print Route Property
RUN-1001 : -------------------------------------------------------
RUN-1001 :    Parameters    |  Settings  |  Default Values  |  Note  
RUN-1001 : -------------------------------------------------------
RUN-1001 :      effort      |   medium   |      medium      |        
RUN-1001 :     fix_hold     |    off     |       off        |        
RUN-1001 :    opt_timing    |   medium   |      medium      |        
RUN-1001 :   phy_sim_model  |    off     |       off        |        
RUN-1001 :     priority     |   timing   |      timing      |        
RUN-1001 :     swap_pin     |     on     |        on        |        
RUN-1001 : -------------------------------------------------------
PHY-1001 : Route runs in 16 thread(s)
RUN-1001 : There are total 170 instances
RUN-1001 : 70 mslices, 70 lslices, 26 pads, 0 brams, 0 dsps
RUN-1001 : There are total 411 nets
RUN-1001 : 199 nets have 2 pins
RUN-1001 : 169 nets have [3 - 5] pins
RUN-1001 : 28 nets have [6 - 10] pins
RUN-1001 : 11 nets have [11 - 20] pins
RUN-1001 : 2 nets have [21 - 99] pins
RUN-1001 : 2 nets have 100+ pins
RUN-1002 : start command "start_timer -report"
TMR-5001 WARNING: No sdc constraints found while initiating timer.
TMR-2505 : Start building timing graph for model responder.
TMR-2506 : Build timing graph completely. Port num: 10, tpin num: 1528, tnet num: 409, tinst num: 168, tnode num: 1994, tedge num: 2707.
TMR-2508 : Levelizing timing graph completed, there are 25 levels in total.
TMR-2501 : Timing graph initialized successfully.
PHY-1001 : 70 mslices, 70 lslices, 26 pads, 0 brams, 0 dsps
TMR-2503 : Start to update net delay, extr mode = 3.
TMR-2504 : Update delay of 409 nets completely.
TMR-2502 : Annotate delay completely, extr mode = 3.
TMR-3002 : No user constraint, initiate default constraint.
TMR-1501 : Assign derive clock DeriveClock to 230 clock pins, and constraint 466 relative nodes.
TMR-3003 : Constraints initiated successfully.
TMR-3501 : Forward propagation: start to calculate arrival time...
TMR-3502 : Backward propagation: start to calculate required time...
TMR-3503 : Timing propagation completes.
PHY-1001 : Start global routing, caller is route ...
RUN-1001 : Generating global routing grids ...
PHY-1001 : Generate routing nets ...
PHY-1001 : Global iterations in 16 thread ...
PHY-1002 : len = 7800, over cnt = 35(0%), over = 55, worst = 4
PHY-1002 : len = 8200, over cnt = 13(0%), over = 14, worst = 2
PHY-1002 : len = 8360, over cnt = 0(0%), over = 0, worst = 0
PHY-1001 : End global iterations;  0.121942s wall, 0.000000s user + 0.000000s system = 0.000000s CPU (n/a%)

PHY-1001 : Congestion index: top1 = 17.67, top5 = 6.39, top10 = 3.18, top15 = 2.12.
PHY-1001 : End global routing;  0.168796s wall, 0.031250s user + 0.000000s system = 0.031250s CPU (18.5%)

PHY-1001 : Start detail routing ...
PHY-1001 : Current memory(MB): used = 165, reserve = 136, peak = 180.
PHY-1001 : Detailed router is running in normal mode.
PHY-1001 : Generate detailed routing grids ...
PHY-1001 : Generate nets ...
PHY-1001 : net CLK_dup_1 will be routed on clock mesh
PHY-1001 : clock net U2/CLK1_syn_4 will be merged with clock U2/CLK1
PHY-1001 : Current memory(MB): used = 433, reserve = 408, peak = 433.
PHY-1001 : End build detailed router design. 2.785187s wall, 1.718750s user + 0.000000s system = 1.718750s CPU (61.7%)

PHY-1001 : Detail Route ...
PHY-1001 : ===== Detail Route Phase 1 =====
PHY-1001 : Clock net routing.....
PHY-1001 : Routed 0% nets.
PHY-1022 : len = 10560, over cnt = 0(0%), over = 0, worst = 0, crit = 0
PHY-1001 : End initial clock net routed; 0.295812s wall, 0.140625s user + 0.000000s system = 0.140625s CPU (47.5%)

PHY-1001 : Current memory(MB): used = 462, reserve = 438, peak = 462.
PHY-1001 : End phase 1; 0.300303s wall, 0.140625s user + 0.000000s system = 0.140625s CPU (46.8%)

PHY-1001 : ===== Detail Route Phase 2 =====
PHY-1001 : Initial routing.....
PHY-1001 : Routed 31% nets.
PHY-1001 : Routed 37% nets.
PHY-1001 : Routed 49% nets.
PHY-1001 : Routed 59% nets.
PHY-1001 : Routed 82% nets.
PHY-1022 : len = 29080, over cnt = 10(0%), over = 10, worst = 1, crit = 0
PHY-1001 : Current memory(MB): used = 462, reserve = 438, peak = 462.
PHY-1001 : End initial routed; 0.248243s wall, 0.000000s user + 0.000000s system = 0.000000s CPU (n/a%)

PHY-1001 : Current memory(MB): used = 462, reserve = 438, peak = 462.
PHY-1001 : End phase 2; 0.248289s wall, 0.000000s user + 0.000000s system = 0.000000s CPU (n/a%)

PHY-1001 : ===== Detail Route Phase 3 =====
PHY-1001 : Ripup-reroute.....
PHY-1001 : ===== DR Iter 1 =====
PHY-1022 : len = 29048, over cnt = 3(0%), over = 3, worst = 1, crit = 0
PHY-1001 : End DR Iter 1; 0.012593s wall, 0.015625s user + 0.000000s system = 0.015625s CPU (124.1%)

PHY-1001 : ===== DR Iter 2 =====
PHY-1022 : len = 29064, over cnt = 0(0%), over = 0, worst = 0, crit = 0
PHY-1001 : End DR Iter 2; 0.013557s wall, 0.000000s user + 0.000000s system = 0.000000s CPU (n/a%)

PHY-1001 : Commit to database.....
PHY-1001 : 3 feed throughs used by 2 nets
PHY-1001 : End commit to database; 0.028734s wall, 0.015625s user + 0.000000s system = 0.015625s CPU (54.4%)

PHY-1001 : Current memory(MB): used = 472, reserve = 448, peak = 472.
PHY-1001 : End phase 3; 0.150762s wall, 0.093750s user + 0.000000s system = 0.093750s CPU (62.2%)

PHY-1003 : Routed, final wirelength = 29064
PHY-1001 : Current memory(MB): used = 472, reserve = 448, peak = 472.
PHY-1001 : End export database. 0.005672s wall, 0.015625s user + 0.000000s system = 0.015625s CPU (275.5%)

PHY-1001 : End detail routing;  3.662345s wall, 2.078125s user + 0.000000s system = 2.078125s CPU (56.7%)

RUN-1003 : finish command "route" in  3.996192s wall, 2.218750s user + 0.000000s system = 2.218750s CPU (55.5%)

RUN-1004 : used memory is 414 MB, reserved memory is 388 MB, peak memory is 472 MB
RUN-1002 : start command "report_area -io_info -file responder_phy.area"
RUN-1001 : standard
***Report Model: responder Device: EG4S20BG256***

IO Statistics
#IO                        26
  #input                    8
  #output                  18
  #inout                    0

Utilization Statistics
#lut                      249   out of  19600    1.27%
#reg                      168   out of  19600    0.86%
#le                       270
  #lut only               102   out of    270   37.78%
  #reg only                21   out of    270    7.78%
  #lut&reg                147   out of    270   54.44%
#dsp                        0   out of     29    0.00%
#bram                       0   out of     64    0.00%
  #bram9k                   0
  #fifo9k                   0
#bram32k                    0   out of     16    0.00%
#pad                       26   out of    188   13.83%
  #ireg                     0
  #oreg                    16
  #treg                     0
#pll                        0   out of      4    0.00%
#gclk                       1   out of     16    6.25%

Clock Resource Statistics
Index     ClockNet     Type               DriverType         Driver                   Fanout
#1        CLK_dup_1    GCLK               io                 CLK_syn_2.di             108
#2        U2/CLK1      GCLK               lslice             U2/CLK1_reg_syn_33.q0    7


Detailed IO Report

        Name           Direction    Location    IOStandard    DriveStrength    PullType    PackReg  
       Answer            INPUT        A11        LVCMOS25          N/A          PULLUP      NONE    
         CLK             INPUT         R7        LVCMOS25          N/A          PULLUP      NONE    
      Key_In[3]          INPUT        A12        LVCMOS25          N/A          PULLUP      NONE    
      Key_In[2]          INPUT        B12        LVCMOS25          N/A          PULLUP      NONE    
      Key_In[1]          INPUT        A13        LVCMOS25          N/A          PULLUP      NONE    
      Key_In[0]          INPUT        A14        LVCMOS25          N/A          PULLUP      NONE    
        RSTn             INPUT         A9        LVCMOS25          N/A          PULLUP      NONE    
        Start            INPUT        A10        LVCMOS25          N/A          PULLUP      NONE    
     Buzzer_Out         OUTPUT        H11        LVCMOS25           8            NONE       NONE    
  DigitronCS_Out[3]     OUTPUT         A3        LVCMOS25           8            NONE       OREG    
  DigitronCS_Out[2]     OUTPUT         A5        LVCMOS25           8            NONE       OREG    
  DigitronCS_Out[1]     OUTPUT         B6        LVCMOS25           8            NONE       OREG    
  DigitronCS_Out[0]     OUTPUT         C9        LVCMOS25           8            NONE       OREG    
   Digitron_Out[7]      OUTPUT         C8        LVCMOS25           8            NONE       NONE    
   Digitron_Out[6]      OUTPUT         A8        LVCMOS25           8            NONE       OREG    
   Digitron_Out[5]      OUTPUT         B5        LVCMOS25           8            NONE       OREG    
   Digitron_Out[4]      OUTPUT         A7        LVCMOS25           8            NONE       OREG    
   Digitron_Out[3]      OUTPUT         E8        LVCMOS25           8            NONE       OREG    
   Digitron_Out[2]      OUTPUT         B8        LVCMOS25           8            NONE       OREG    
   Digitron_Out[1]      OUTPUT         A6        LVCMOS25           8            NONE       OREG    
   Digitron_Out[0]      OUTPUT         A4        LVCMOS25           8            NONE       OREG    
     LED_Out[3]         OUTPUT        C16        LVCMOS25           8            NONE       OREG    
     LED_Out[2]         OUTPUT        E13        LVCMOS25           8            NONE       OREG    
     LED_Out[1]         OUTPUT        E16        LVCMOS25           8            NONE       OREG    
     LED_Out[0]         OUTPUT        F16        LVCMOS25           8            NONE       OREG    
  LED_OverTime_Out      OUTPUT        B14        LVCMOS25           8            NONE       OREG    

Report Hierarchy Area:
+------------------------------------------------------------------------------------------+
|Instance |Module                     |le     |lut     |ripple  |seq     |bram    |dsp     |
+------------------------------------------------------------------------------------------+
|top      |responder                  |270    |199     |50      |184     |0       |0       |
|  U1     |Sel_module                 |97     |62      |14      |59      |0       |0       |
|  U2     |Timer_module               |54     |47      |7       |35      |0       |0       |
|  U3     |Buzzer_module              |79     |55      |24      |52      |0       |0       |
|  U4     |Digitron_NumDisplay_module |39     |34      |5       |22      |0       |0       |
+------------------------------------------------------------------------------------------+


DataNet Average Fanout:

   Index     Fanout    Nets  
    #1         1       173   
    #2         2       142   
    #3         3        20   
    #4         4        7    
    #5        5-10      28   
    #6       11-50      10   
    #7       51-100     1    
  Average     2.57           

RUN-1002 : start command "export_db responder_pr.db"
RUN-1001 : Exported /
RUN-1001 : Exported flow parameters
RUN-1001 : Exported libs
RUN-1001 : Exported entities
RUN-1001 : Exported ports
RUN-1001 : Exported pins
RUN-1001 : Exported instances
RUN-1001 : Exported nets
RUN-1001 : Exported buses
RUN-1001 : Exported models
RUN-1001 : Exported congestions
RUN-1001 : Exported violations
RUN-1001 : Exported IO constraints
RUN-1001 : Exported Inst constraints
RUN-1002 : start command "export_bid responder_inst.bid"
RUN-1002 : start command "bitgen -bit responder.bit -unused_io_status pulldown"
BIT-1003 : Start to generate bitstream. 
BIT-1002 : Bitgen processed 162 unused pads, reserve input tri_state with pulldown
BIT-1002 : Init instances with 16 threads.
BIT-1002 : Init instances completely, inst num: 330
BIT-1002 : Init pips with 16 threads.
BIT-1002 : Init pips completely, net num: 411, pip num: 2910
BIT-1002 : Init feedthrough completely, num: 3
BIT-1003 : Multithreading accelaration with 16 threads.
BIT-1003 : Generate bitstream completely, there are 489 valid insts, and 9225 bits set as '1'.
BIT-1004 : PLL setting string = 0000
BIT-1004 : Generate bits file responder.bit.
RUN-1002 : start command "backup_run_log run.log ../.logs/phy_1/td_20240829_102948.log"
RUN-1001 : Backing up run's log file succeed.
